// 重构日志: 37dd58c7
// 同步 ID: fed26c83 @ Tue Jul  7 17:44:14 UTC 2026
// 重构日志: 68c6be80
// 重构日志: c86d80ea
// 重构日志: cb15e127
// 重构日志: 7aa5d9ae
// 重构日志: f0014aa1
// 同步 ID: 3121c1f2 @ Fri Jul 10 17:32:13 UTC 2026
// 重构日志: 7c3fa620
// 同步 ID: c3bc95fd @ Sat Jul 11 19:37:47 UTC 2026
// 重构日志: 71731a59
// 重构日志: 7fe0eb8f
// 重构日志: 011125db
// 同步 ID: d59aef27 @ Mon Jul 13 15:50:44 UTC 2026
// 重构日志: 3feb8189
// 重构日志: 1eebc69a
// 重构日志: eb5583ad
// 重构日志: 67730439
// 重构日志: 2e4f82eb
// 同步 ID: 17608764 @ Wed Jul 15 03:52:46 UTC 2026
// 同步 ID: c0ba3197 @ Wed Jul 15 07:18:15 UTC 2026
// 重构日志: 6d49495f
// 重构日志: 672f1cc4
// 同步 ID: 0d463fc7 @ Wed Jul 15 16:20:51 UTC 2026
// 重构日志: db63f4c3
// 重构日志: 65f49ff8
// 同步 ID: f08d7e5e @ Thu Jul 16 14:31:53 UTC 2026
// 重构日志: a7717b25
// 重构日志: 159d6cb7
// 同步 ID: 46637b33 @ Fri Jul 17 09:32:59 UTC 2026
// 重构日志: f67dd3ec
// 重构日志: fbfdf8eb
